{"message":"Connected successfully...","level":"info"}
{"message":"Connected successfully...","level":"info"}
{"message":"Listening on port 3000...","level":"info"}
{"message":"Connected successfully...","level":"info"}
{"message":"Listening on port 3000...","level":"info"}
{"message":"Connected successfully...","level":"info"}
{"message":"Connected successfully...","level":"info"}
{"message":"Connected successfully to mongodb://localhost/vidly-db","level":"info"}
{"message":"Listening on port 3000...","level":"info"}
{"message":"Connected successfully to mongodb://localhost/vidly-db","level":"info"}
{"message":"Listening on port 3000...","level":"info"}
{"message":"Connected successfully to mongodb://localhost/vidly-db","level":"info"}
{"message":"Listening on port 3000...","level":"info"}
{"message":"Connected successfully to mongodb://localhost/vidly-db","level":"info"}
{"message":"Listening on port 3000...","level":"info"}
{"message":"Connected successfully to mongodb://localhost/vidly-db","level":"info"}
{"message":"Listening on port 3000...","level":"info"}
{"message":"Connected successfully to mongodb://localhost/vidly-db","level":"info"}
{"message":"Listening on port 3000...","level":"info"}
{"message":"Connected successfully to mongodb://localhost/vidly-db","level":"info"}
{"message":"Listening on port 3000...","level":"info"}
{"message":"Connected successfully to mongodb://localhost/vidly-db","level":"info"}
{"message":"Listening on port 3000...","level":"info"}
{"message":"Connected successfully to mongodb://localhost/vidly-db","level":"info"}
{"message":"Listening on port 3000...","level":"info"}
{"message":"Connected successfully to mongodb://localhost/vidly-db","level":"info"}
{"message":"Connected successfully to mongodb://localhost/vidly-db","level":"info"}
{"message":"Listening on port 3000...","level":"info"}
{"message":"Connected successfully to mongodb://localhost/vidly-db","level":"info"}
{"message":"Listening on port 3000...","level":"info"}
{"message":"Connected successfully to mongodb://localhost/vidly-db","level":"info"}
{"message":"Listening on port 3000...","level":"info"}
{"message":"Connected successfully to mongodb://localhost/vidly-db","level":"info"}
{"message":"Listening on port 3000...","level":"info"}
{"message":"Connected successfully to mongodb://localhost/vidly-db","level":"info"}
{"message":"Listening on port 3000...","level":"info"}
{"message":"Connected successfully to mongodb://localhost/vidly-db","level":"info"}
{"message":"Listening on port 3000...","level":"info"}
{"message":"Connected successfully to mongodb://localhost/vidly-db","level":"info"}
{"message":"Listening on port 3000...","level":"info"}
{"message":"Connected successfully to mongodb://localhost/vidly-db","level":"info"}
{"message":"Listening on port 3000...","level":"info"}
{"message":"Connected successfully to mongodb://localhost/vidly-db","level":"info"}
{"message":"Listening on port 3000...","level":"info"}
{"message":"Connected successfully to mongodb://localhost/vidly-db","level":"info"}
{"message":"Listening on port 3000...","level":"info"}
{"message":"Connected successfully to mongodb://localhost/vidly-db","level":"info"}
{"message":"Listening on port 3000...","level":"info"}
{"message":"Connected successfully to mongodb://localhost/vidly-db","level":"info"}
{"message":"Listening on port 3000...","level":"info"}
{"message":"Connected successfully to mongodb://localhost/vidly-db","level":"info"}
{"message":"Listening on port 3000...","level":"info"}
{"message":"Connected successfully to mongodb://localhost/vidly-db","level":"info"}
{"message":"Listening on port 3000...","level":"info"}
{"message":"Connected successfully to mongodb://localhost/vidly-db","level":"info"}
{"message":"Listening on port 3000...","level":"info"}
{"message":"Connected successfully to mongodb://localhost/vidly-db","level":"info"}
{"message":"Listening on port 3000...","level":"info"}
{"message":"Connected successfully to mongodb://localhost/vidly-db","level":"info"}
{"message":"Listening on port 3000...","level":"info"}
{"message":"Connected successfully to mongodb://localhost/vidly-db","level":"info"}
{"message":"Listening on port 3000...","level":"info"}
{"message":"Connected successfully to mongodb://localhost/vidly-db","level":"info"}
{"message":"Listening on port 3000...","level":"info"}
{"message":"Listening on port 3000...","level":"info"}
{"level":"error","message":"Could not get genres Could not get genres","stack":"Error: Could not get genres\n    at C:\\Users\\Mubarak\\Desktop\\react\\node\\vidly\\routes\\genres.js:9:9\n    at newFn (C:\\Users\\Mubarak\\Desktop\\react\\node\\vidly\\node_modules\\express-async-errors\\index.js:16:20)\n    at Layer.handle [as handle_request] (C:\\Users\\Mubarak\\Desktop\\react\\node\\vidly\\node_modules\\express\\lib\\router\\layer.js:95:5)\n    at next (C:\\Users\\Mubarak\\Desktop\\react\\node\\vidly\\node_modules\\express\\lib\\router\\route.js:137:13)\n    at Route.dispatch (C:\\Users\\Mubarak\\Desktop\\react\\node\\vidly\\node_modules\\express\\lib\\router\\route.js:112:3)\n    at newFn (C:\\Users\\Mubarak\\Desktop\\react\\node\\vidly\\node_modules\\express-async-errors\\index.js:16:20)\n    at Layer.handle [as handle_request] (C:\\Users\\Mubarak\\Desktop\\react\\node\\vidly\\node_modules\\express\\lib\\router\\layer.js:95:5)\n    at C:\\Users\\Mubarak\\Desktop\\react\\node\\vidly\\node_modules\\express\\lib\\router\\index.js:281:22\n    at Function.process_params (C:\\Users\\Mubarak\\Desktop\\react\\node\\vidly\\node_modules\\express\\lib\\router\\index.js:335:12)\n    at next (C:\\Users\\Mubarak\\Desktop\\react\\node\\vidly\\node_modules\\express\\lib\\router\\index.js:275:10)\n    at Function.handle (C:\\Users\\Mubarak\\Desktop\\react\\node\\vidly\\node_modules\\express\\lib\\router\\index.js:174:3)\n    at router (C:\\Users\\Mubarak\\Desktop\\react\\node\\vidly\\node_modules\\express\\lib\\router\\index.js:47:12)\n    at newFn (C:\\Users\\Mubarak\\Desktop\\react\\node\\vidly\\node_modules\\express-async-errors\\index.js:16:20)\n    at Layer.handle [as handle_request] (C:\\Users\\Mubarak\\Desktop\\react\\node\\vidly\\node_modules\\express\\lib\\router\\layer.js:95:5)\n    at trim_prefix (C:\\Users\\Mubarak\\Desktop\\react\\node\\vidly\\node_modules\\express\\lib\\router\\index.js:317:13)\n    at C:\\Users\\Mubarak\\Desktop\\react\\node\\vidly\\node_modules\\express\\lib\\router\\index.js:284:7\n    at Function.process_params (C:\\Users\\Mubarak\\Desktop\\react\\node\\vidly\\node_modules\\express\\lib\\router\\index.js:335:12)\n    at next (C:\\Users\\Mubarak\\Desktop\\react\\node\\vidly\\node_modules\\express\\lib\\router\\index.js:275:10)\n    at jsonParser (C:\\Users\\Mubarak\\Desktop\\react\\node\\vidly\\node_modules\\body-parser\\lib\\types\\json.js:110:7)\n    at newFn (C:\\Users\\Mubarak\\Desktop\\react\\node\\vidly\\node_modules\\express-async-errors\\index.js:16:20)\n    at Layer.handle [as handle_request] (C:\\Users\\Mubarak\\Desktop\\react\\node\\vidly\\node_modules\\express\\lib\\router\\layer.js:95:5)\n    at trim_prefix (C:\\Users\\Mubarak\\Desktop\\react\\node\\vidly\\node_modules\\express\\lib\\router\\index.js:317:13)\n    at C:\\Users\\Mubarak\\Desktop\\react\\node\\vidly\\node_modules\\express\\lib\\router\\index.js:284:7\n    at Function.process_params (C:\\Users\\Mubarak\\Desktop\\react\\node\\vidly\\node_modules\\express\\lib\\router\\index.js:335:12)\n    at next (C:\\Users\\Mubarak\\Desktop\\react\\node\\vidly\\node_modules\\express\\lib\\router\\index.js:275:10)\n    at expressInit (C:\\Users\\Mubarak\\Desktop\\react\\node\\vidly\\node_modules\\express\\lib\\middleware\\init.js:40:5)\n    at newFn (C:\\Users\\Mubarak\\Desktop\\react\\node\\vidly\\node_modules\\express-async-errors\\index.js:16:20)\n    at Layer.handle [as handle_request] (C:\\Users\\Mubarak\\Desktop\\react\\node\\vidly\\node_modules\\express\\lib\\router\\layer.js:95:5)\n    at trim_prefix (C:\\Users\\Mubarak\\Desktop\\react\\node\\vidly\\node_modules\\express\\lib\\router\\index.js:317:13)\n    at C:\\Users\\Mubarak\\Desktop\\react\\node\\vidly\\node_modules\\express\\lib\\router\\index.js:284:7\n    at Function.process_params (C:\\Users\\Mubarak\\Desktop\\react\\node\\vidly\\node_modules\\express\\lib\\router\\index.js:335:12)\n    at next (C:\\Users\\Mubarak\\Desktop\\react\\node\\vidly\\node_modules\\express\\lib\\router\\index.js:275:10)\n    at query (C:\\Users\\Mubarak\\Desktop\\react\\node\\vidly\\node_modules\\express\\lib\\middleware\\query.js:45:5)\n    at newFn (C:\\Users\\Mubarak\\Desktop\\react\\node\\vidly\\node_modules\\express-async-errors\\index.js:16:20)\n    at Layer.handle [as handle_request] (C:\\Users\\Mubarak\\Desktop\\react\\node\\vidly\\node_modules\\express\\lib\\router\\layer.js:95:5)\n    at trim_prefix (C:\\Users\\Mubarak\\Desktop\\react\\node\\vidly\\node_modules\\express\\lib\\router\\index.js:317:13)\n    at C:\\Users\\Mubarak\\Desktop\\react\\node\\vidly\\node_modules\\express\\lib\\router\\index.js:284:7\n    at Function.process_params (C:\\Users\\Mubarak\\Desktop\\react\\node\\vidly\\node_modules\\express\\lib\\router\\index.js:335:12)\n    at next (C:\\Users\\Mubarak\\Desktop\\react\\node\\vidly\\node_modules\\express\\lib\\router\\index.js:275:10)\n    at Function.handle (C:\\Users\\Mubarak\\Desktop\\react\\node\\vidly\\node_modules\\express\\lib\\router\\index.js:174:3)\n    at Function.handle (C:\\Users\\Mubarak\\Desktop\\react\\node\\vidly\\node_modules\\express\\lib\\application.js:174:10)\n    at Server.app (C:\\Users\\Mubarak\\Desktop\\react\\node\\vidly\\node_modules\\express\\lib\\express.js:39:9)\n    at Server.emit (events.js:315:20)\n    at parserOnIncoming (_http_server.js:790:12)\n    at HTTPParser.parserOnHeadersComplete (_http_common.js:119:17)"}
{"message":"Connected successfully to mongodb://localhost/vidly-db-test","level":"info"}
{"message":"Listening on port 3000...","level":"info"}
{"level":"error","message":"Could not get genres Could not get genres","stack":"Error: Could not get genres\n    at C:\\Users\\Mubarak\\Desktop\\react\\node\\vidly\\routes\\genres.js:9:9\n    at newFn (C:\\Users\\Mubarak\\Desktop\\react\\node\\vidly\\node_modules\\express-async-errors\\index.js:16:20)\n    at Layer.handle [as handle_request] (C:\\Users\\Mubarak\\Desktop\\react\\node\\vidly\\node_modules\\express\\lib\\router\\layer.js:95:5)\n    at next (C:\\Users\\Mubarak\\Desktop\\react\\node\\vidly\\node_modules\\express\\lib\\router\\route.js:137:13)\n    at Route.dispatch (C:\\Users\\Mubarak\\Desktop\\react\\node\\vidly\\node_modules\\express\\lib\\router\\route.js:112:3)\n    at newFn (C:\\Users\\Mubarak\\Desktop\\react\\node\\vidly\\node_modules\\express-async-errors\\index.js:16:20)\n    at Layer.handle [as handle_request] (C:\\Users\\Mubarak\\Desktop\\react\\node\\vidly\\node_modules\\express\\lib\\router\\layer.js:95:5)\n    at C:\\Users\\Mubarak\\Desktop\\react\\node\\vidly\\node_modules\\express\\lib\\router\\index.js:281:22\n    at Function.process_params (C:\\Users\\Mubarak\\Desktop\\react\\node\\vidly\\node_modules\\express\\lib\\router\\index.js:335:12)\n    at next (C:\\Users\\Mubarak\\Desktop\\react\\node\\vidly\\node_modules\\express\\lib\\router\\index.js:275:10)\n    at Function.handle (C:\\Users\\Mubarak\\Desktop\\react\\node\\vidly\\node_modules\\express\\lib\\router\\index.js:174:3)\n    at router (C:\\Users\\Mubarak\\Desktop\\react\\node\\vidly\\node_modules\\express\\lib\\router\\index.js:47:12)\n    at newFn (C:\\Users\\Mubarak\\Desktop\\react\\node\\vidly\\node_modules\\express-async-errors\\index.js:16:20)\n    at Layer.handle [as handle_request] (C:\\Users\\Mubarak\\Desktop\\react\\node\\vidly\\node_modules\\express\\lib\\router\\layer.js:95:5)\n    at trim_prefix (C:\\Users\\Mubarak\\Desktop\\react\\node\\vidly\\node_modules\\express\\lib\\router\\index.js:317:13)\n    at C:\\Users\\Mubarak\\Desktop\\react\\node\\vidly\\node_modules\\express\\lib\\router\\index.js:284:7\n    at Function.process_params (C:\\Users\\Mubarak\\Desktop\\react\\node\\vidly\\node_modules\\express\\lib\\router\\index.js:335:12)\n    at next (C:\\Users\\Mubarak\\Desktop\\react\\node\\vidly\\node_modules\\express\\lib\\router\\index.js:275:10)\n    at jsonParser (C:\\Users\\Mubarak\\Desktop\\react\\node\\vidly\\node_modules\\body-parser\\lib\\types\\json.js:110:7)\n    at newFn (C:\\Users\\Mubarak\\Desktop\\react\\node\\vidly\\node_modules\\express-async-errors\\index.js:16:20)\n    at Layer.handle [as handle_request] (C:\\Users\\Mubarak\\Desktop\\react\\node\\vidly\\node_modules\\express\\lib\\router\\layer.js:95:5)\n    at trim_prefix (C:\\Users\\Mubarak\\Desktop\\react\\node\\vidly\\node_modules\\express\\lib\\router\\index.js:317:13)\n    at C:\\Users\\Mubarak\\Desktop\\react\\node\\vidly\\node_modules\\express\\lib\\router\\index.js:284:7\n    at Function.process_params (C:\\Users\\Mubarak\\Desktop\\react\\node\\vidly\\node_modules\\express\\lib\\router\\index.js:335:12)\n    at next (C:\\Users\\Mubarak\\Desktop\\react\\node\\vidly\\node_modules\\express\\lib\\router\\index.js:275:10)\n    at expressInit (C:\\Users\\Mubarak\\Desktop\\react\\node\\vidly\\node_modules\\express\\lib\\middleware\\init.js:40:5)\n    at newFn (C:\\Users\\Mubarak\\Desktop\\react\\node\\vidly\\node_modules\\express-async-errors\\index.js:16:20)\n    at Layer.handle [as handle_request] (C:\\Users\\Mubarak\\Desktop\\react\\node\\vidly\\node_modules\\express\\lib\\router\\layer.js:95:5)\n    at trim_prefix (C:\\Users\\Mubarak\\Desktop\\react\\node\\vidly\\node_modules\\express\\lib\\router\\index.js:317:13)\n    at C:\\Users\\Mubarak\\Desktop\\react\\node\\vidly\\node_modules\\express\\lib\\router\\index.js:284:7\n    at Function.process_params (C:\\Users\\Mubarak\\Desktop\\react\\node\\vidly\\node_modules\\express\\lib\\router\\index.js:335:12)\n    at next (C:\\Users\\Mubarak\\Desktop\\react\\node\\vidly\\node_modules\\express\\lib\\router\\index.js:275:10)\n    at query (C:\\Users\\Mubarak\\Desktop\\react\\node\\vidly\\node_modules\\express\\lib\\middleware\\query.js:45:5)\n    at newFn (C:\\Users\\Mubarak\\Desktop\\react\\node\\vidly\\node_modules\\express-async-errors\\index.js:16:20)\n    at Layer.handle [as handle_request] (C:\\Users\\Mubarak\\Desktop\\react\\node\\vidly\\node_modules\\express\\lib\\router\\layer.js:95:5)\n    at trim_prefix (C:\\Users\\Mubarak\\Desktop\\react\\node\\vidly\\node_modules\\express\\lib\\router\\index.js:317:13)\n    at C:\\Users\\Mubarak\\Desktop\\react\\node\\vidly\\node_modules\\express\\lib\\router\\index.js:284:7\n    at Function.process_params (C:\\Users\\Mubarak\\Desktop\\react\\node\\vidly\\node_modules\\express\\lib\\router\\index.js:335:12)\n    at next (C:\\Users\\Mubarak\\Desktop\\react\\node\\vidly\\node_modules\\express\\lib\\router\\index.js:275:10)\n    at Function.handle (C:\\Users\\Mubarak\\Desktop\\react\\node\\vidly\\node_modules\\express\\lib\\router\\index.js:174:3)\n    at Function.handle (C:\\Users\\Mubarak\\Desktop\\react\\node\\vidly\\node_modules\\express\\lib\\application.js:174:10)\n    at Server.app (C:\\Users\\Mubarak\\Desktop\\react\\node\\vidly\\node_modules\\express\\lib\\express.js:39:9)\n    at Server.emit (events.js:315:20)\n    at parserOnIncoming (_http_server.js:790:12)\n    at HTTPParser.parserOnHeadersComplete (_http_common.js:119:17)"}
{"message":"Connected successfully to mongodb://localhost/vidly-db-test","level":"info"}
{"message":"Listening on port 3000...","level":"info"}
{"message":"Connected successfully to mongodb://localhost/vidly-db-test","level":"info"}
{"message":"Listening on port 3000...","level":"info"}
{"message":"Connected successfully to mongodb://localhost/vidly-db-test","level":"info"}
{"message":"Listening on port 3000...","level":"info"}
{"message":"Connected successfully to mongodb://localhost/vidly-db-test","level":"info"}
{"message":"Listening on port 3000...","level":"info"}
{"message":"Connected successfully to mongodb://localhost/vidly-db-test","level":"info"}
{"message":"Listening on port 3000...","level":"info"}
{"message":"Connected successfully to mongodb://localhost/vidly-db-test","level":"info"}
{"message":"Listening on port 3000...","level":"info"}
{"message":"Connected successfully to mongodb://localhost/vidly-db-test","level":"info"}
{"message":"Listening on port 3000...","level":"info"}
{"message":"Connected successfully to mongodb://localhost/vidly-db-test","level":"info"}
{"message":"Listening on port 3000...","level":"info"}
{"message":"Connected successfully to mongodb://localhost/vidly-db-test","level":"info"}
{"message":"Listening on port 3000...","level":"info"}
{"message":"Connected successfully to mongodb://localhost/vidly-db-test","level":"info"}
{"message":"Listening on port 3000...","level":"info"}
{"message":"Connected successfully to mongodb://localhost/vidly-db-test","level":"info"}
{"message":"Listening on port 3000...","level":"info"}
{"message":"Connected successfully to mongodb://localhost/vidly-db-test","level":"info"}
{"message":"Listening on port 3000...","level":"info"}
{"message":"Connected successfully to mongodb://localhost/vidly-db-test","level":"info"}
{"message":"Listening on port 3000...","level":"info"}
{"message":"Connected successfully to mongodb://localhost/vidly-db-test","level":"info"}
{"message":"Listening on port 3000...","level":"info"}
{"message":"Connected successfully to mongodb://localhost/vidly-db-test","level":"info"}
{"message":"Listening on port 3000...","level":"info"}
{"message":"Connected successfully to mongodb://localhost/vidly-db-test","level":"info"}
{"message":"Listening on port 3000...","level":"info"}
{"message":"Connected successfully to mongodb://localhost/vidly-db-test","level":"info"}
{"message":"Listening on port 3000...","level":"info"}
{"message":"Connected successfully to mongodb://localhost/vidly-db-test","level":"info"}
{"message":"Listening on port 3000...","level":"info"}
{"message":"Connected successfully to mongodb://localhost/vidly-db-test","level":"info"}
{"message":"Listening on port 3000...","level":"info"}
{"message":"Connected successfully to mongodb://localhost/vidly-db-test","level":"info"}
{"stringValue":"\"1\"","kind":"ObjectId","value":"1","path":"_id","reason":{},"level":"error","message":"Cast to ObjectId failed for value \"1\" at path \"_id\" for model \"Genre\" Cast to ObjectId failed for value \"1\" at path \"_id\" for model \"Genre\"","stack":"CastError: Cast to ObjectId failed for value \"1\" at path \"_id\" for model \"Genre\"\n    at model.Query.exec (C:\\Users\\Mubarak\\Desktop\\react\\node\\vidly\\node_modules\\mongoose\\lib\\query.js:4351:21)\n    at model.Query.Query.then (C:\\Users\\Mubarak\\Desktop\\react\\node\\vidly\\node_modules\\mongoose\\lib\\query.js:4443:15)\n    at processTicksAndRejections (internal/process/task_queues.js:97:5)"}
{"message":"Listening on port 3000...","level":"info"}
{"message":"Connected successfully to mongodb://localhost/vidly-db-test","level":"info"}
{"message":"Listening on port 3000...","level":"info"}
{"message":"Connected successfully to mongodb://localhost/vidly-db-test","level":"info"}
{"message":"Listening on port 3000...","level":"info"}
{"message":"Connected successfully to mongodb://localhost/vidly-db-test","level":"info"}
{"message":"Listening on port 3000...","level":"info"}
{"message":"Connected successfully to mongodb://localhost/vidly-db-test","level":"info"}
{"message":"Listening on port 3000...","level":"info"}
{"message":"Connected successfully to mongodb://localhost/vidly-db-test","level":"info"}
{"message":"Listening on port 3000...","level":"info"}
{"message":"Connected successfully to mongodb://localhost/vidly-db-test","level":"info"}
{"message":"Listening on port 3000...","level":"info"}
{"message":"Connected successfully to mongodb://localhost/vidly-db-test","level":"info"}
{"message":"Listening on port 3000...","level":"info"}
{"message":"Connected successfully to mongodb://localhost/vidly-db-test","level":"info"}
{"message":"Listening on port 3000...","level":"info"}
{"message":"Connected successfully to mongodb://localhost/vidly-db-test","level":"info"}
{"message":"Listening on port 3000...","level":"info"}
{"message":"Connected successfully to mongodb://localhost/vidly-db-test","level":"info"}
{"message":"Listening on port 3000...","level":"info"}
{"message":"Connected successfully to mongodb://localhost/vidly-db-test","level":"info"}
{"message":"Listening on port 3000...","level":"info"}
{"message":"Connected successfully to mongodb://localhost/vidly-db-test","level":"info"}
{"errors":{"name":{"name":"ValidatorError","message":"Path `name` (`aaaaaaaaaaaaaaaaaaaaaaaaaaaaaaaaaaaaaaaaaaaaaaaaaaa`) is longer than the maximum allowed length (50).","properties":{"message":"Path `name` (`aaaaaaaaaaaaaaaaaaaaaaaaaaaaaaaaaaaaaaaaaaaaaaaaaaa`) is longer than the maximum allowed length (50).","type":"maxlength","maxlength":50,"path":"name","value":"aaaaaaaaaaaaaaaaaaaaaaaaaaaaaaaaaaaaaaaaaaaaaaaaaaa"},"kind":"maxlength","path":"name","value":"aaaaaaaaaaaaaaaaaaaaaaaaaaaaaaaaaaaaaaaaaaaaaaaaaaa"}},"_message":"Genre validation failed","level":"error","message":"Genre validation failed: name: Path `name` (`aaaaaaaaaaaaaaaaaaaaaaaaaaaaaaaaaaaaaaaaaaaaaaaaaaa`) is longer than the maximum allowed length (50). Genre validation failed: name: Path `name` (`aaaaaaaaaaaaaaaaaaaaaaaaaaaaaaaaaaaaaaaaaaaaaaaaaaa`) is longer than the maximum allowed length (50).","stack":"ValidationError: Genre validation failed: name: Path `name` (`aaaaaaaaaaaaaaaaaaaaaaaaaaaaaaaaaaaaaaaaaaaaaaaaaaa`) is longer than the maximum allowed length (50).\n    at model.Document.invalidate (C:\\Users\\Mubarak\\Desktop\\react\\node\\vidly\\node_modules\\mongoose\\lib\\document.js:2579:32)\n    at C:\\Users\\Mubarak\\Desktop\\react\\node\\vidly\\node_modules\\mongoose\\lib\\document.js:2399:17\n    at C:\\Users\\Mubarak\\Desktop\\react\\node\\vidly\\node_modules\\mongoose\\lib\\schematype.js:1220:9\n    at processTicksAndRejections (internal/process/task_queues.js:79:11)"}
{"message":"Listening on port 3000...","level":"info"}
{"message":"Connected successfully to mongodb://localhost/vidly-db-test","level":"info"}
{"message":"Listening on port 3000...","level":"info"}
{"message":"Connected successfully to mongodb://localhost/vidly-db-test","level":"info"}
{"message":"Listening on port 3000...","level":"info"}
{"message":"Connected successfully to mongodb://localhost/vidly-db-test","level":"info"}
{"message":"Listening on port 3000...","level":"info"}
{"message":"Connected successfully to mongodb://localhost/vidly-db-test","level":"info"}
{"message":"Listening on port 3000...","level":"info"}
{"message":"Connected successfully to mongodb://localhost/vidly-db-test","level":"info"}
{"message":"Listening on port 3000...","level":"info"}
{"message":"Connected successfully to mongodb://localhost/vidly-db-test","level":"info"}
{"message":"Listening on port 3000...","level":"info"}
{"message":"Connected successfully to mongodb://localhost/vidly-db-test","level":"info"}
{"message":"Listening on port 3000...","level":"info"}
{"message":"Connected successfully to mongodb://localhost/vidly-db-test","level":"info"}
{"message":"Listening on port 3000...","level":"info"}
{"message":"Connected successfully to mongodb://localhost/vidly-db-test","level":"info"}
{"message":"Listening on port 3000...","level":"info"}
{"message":"Connected successfully to mongodb://localhost/vidly-db-test","level":"info"}
{"message":"Listening on port 3000...","level":"info"}
{"message":"Connected successfully to mongodb://localhost/vidly-db-test","level":"info"}
{"message":"Listening on port 3000...","level":"info"}
{"message":"Connected successfully to mongodb://localhost/vidly-db-test","level":"info"}
{"message":"Listening on port 3000...","level":"info"}
{"message":"Connected successfully to mongodb://localhost/vidly-db-test","level":"info"}
{"message":"Listening on port 3000...","level":"info"}
{"message":"Connected successfully to mongodb://localhost/vidly-db-test","level":"info"}
{"message":"Listening on port 3000...","level":"info"}
{"message":"Connected successfully to mongodb://localhost/vidly-db-test","level":"info"}
{"message":"Listening on port 3000...","level":"info"}
{"message":"Connected successfully to mongodb://localhost/vidly-db-test","level":"info"}
{"message":"Listening on port 3000...","level":"info"}
{"message":"Connected successfully to mongodb://localhost/vidly-db-test","level":"info"}
{"message":"Listening on port 3000...","level":"info"}
{"message":"Connected successfully to mongodb://localhost/vidly-db-test","level":"info"}
{"message":"Listening on port 3000...","level":"info"}
{"message":"Connected successfully to mongodb://localhost/vidly-db-test","level":"info"}
{"message":"Listening on port 3000...","level":"info"}
{"message":"Connected successfully to mongodb://localhost/vidly-db-test","level":"info"}
{"message":"Listening on port 3000...","level":"info"}
{"message":"Connected successfully to mongodb://localhost/vidly-db-test","level":"info"}
{"message":"Listening on port 3000...","level":"info"}
{"message":"Connected successfully to mongodb://localhost/vidly-db-test","level":"info"}
{"message":"Listening on port 3000...","level":"info"}
{"message":"Connected successfully to mongodb://localhost/vidly-db-test","level":"info"}
{"message":"Listening on port 3000...","level":"info"}
{"message":"Connected successfully to mongodb://localhost/vidly-db-test","level":"info"}
{"message":"Listening on port 3000...","level":"info"}
{"message":"Connected successfully to mongodb://localhost/vidly-db-test","level":"info"}
{"message":"Listening on port 3000...","level":"info"}
{"message":"Connected successfully to mongodb://localhost/vidly-db-test","level":"info"}
{"message":"Listening on port 3000...","level":"info"}
{"message":"Connected successfully to mongodb://localhost/vidly-db-test","level":"info"}
{"message":"Listening on port 3000...","level":"info"}
{"message":"Connected successfully to mongodb://localhost/vidly-db-test","level":"info"}
{"message":"Listening on port 3000...","level":"info"}
{"message":"Connected successfully to mongodb://localhost/vidly-db-test","level":"info"}
{"message":"Listening on port 3000...","level":"info"}
{"message":"Connected successfully to mongodb://localhost/vidly-db-test","level":"info"}
{"message":"Listening on port 3000...","level":"info"}
{"message":"Connected successfully to mongodb://localhost/vidly-db-test","level":"info"}
{"message":"Listening on port 3000...","level":"info"}
{"message":"Connected successfully to mongodb://localhost/vidly-db-test","level":"info"}
{"message":"Listening on port 3000...","level":"info"}
{"message":"Connected successfully to mongodb://localhost/vidly-db-test","level":"info"}
{"message":"Listening on port 3000...","level":"info"}
{"message":"Connected successfully to mongodb://localhost/vidly-db-test","level":"info"}
{"message":"Listening on port 3000...","level":"info"}
{"message":"Connected successfully to mongodb://localhost/vidly-db-test","level":"info"}
{"message":"Listening on port 3000...","level":"info"}
{"message":"Connected successfully to mongodb://localhost/vidly-db-test","level":"info"}
{"message":"Listening on port 3000...","level":"info"}
{"message":"Connected successfully to mongodb://localhost/vidly-db-test","level":"info"}
{"message":"Listening on port 3000...","level":"info"}
{"message":"Connected successfully to mongodb://localhost/vidly-db-test","level":"info"}
{"message":"Listening on port 3000...","level":"info"}
{"message":"Connected successfully to mongodb://localhost/vidly-db-test","level":"info"}
{"message":"Listening on port 3000...","level":"info"}
{"message":"Connected successfully to mongodb://localhost/vidly-db-test","level":"info"}
{"message":"Listening on port 3000...","level":"info"}
{"message":"Connected successfully to mongodb://localhost/vidly-db-test","level":"info"}
{"message":"Listening on port 3000...","level":"info"}
{"message":"Connected successfully to mongodb://localhost/vidly-db-test","level":"info"}
{"message":"Listening on port 3000...","level":"info"}
{"message":"Connected successfully to mongodb://localhost/vidly-db-test","level":"info"}
{"message":"Listening on port 3000...","level":"info"}
{"message":"Connected successfully to mongodb://localhost/vidly-db-test","level":"info"}
{"message":"Listening on port 3000...","level":"info"}
{"message":"Connected successfully to mongodb://localhost/vidly-db-test","level":"info"}
{"message":"Listening on port 3000...","level":"info"}
{"message":"Connected successfully to mongodb://localhost/vidly-db-test","level":"info"}
{"message":"Listening on port 3000...","level":"info"}
{"message":"Connected successfully to mongodb://localhost/vidly-db-test","level":"info"}
{"message":"Listening on port 3000...","level":"info"}
{"message":"Connected successfully to mongodb://localhost/vidly-db-test","level":"info"}
{"message":"Listening on port 3000...","level":"info"}
{"message":"Connected successfully to mongodb://localhost/vidly-db","level":"info"}
